Analysis & Synthesis report for NPU_MATRIX
Tue Jun 10 15:56:40 2025
Quartus Prime Version 22.1std.0 Build 915 10/25/2022 SC Lite Edition


---------------------
; Table of Contents ;
---------------------
  1. Legal Notice
  2. Analysis & Synthesis Summary
  3. Analysis & Synthesis Settings
  4. Parallel Compilation
  5. Analysis & Synthesis Source Files Read
  6. Analysis & Synthesis Resource Usage Summary
  7. Analysis & Synthesis Resource Utilization by Entity
  8. Analysis & Synthesis RAM Summary
  9. Analysis & Synthesis IP Cores Summary
 10. State Machine - |TOP|UART:uart|UART_rs232_rx:I_RS232RX|State
 11. Registers Removed During Synthesis
 12. General Register Statistics
 13. Inverted Register Statistics
 14. Multiplexer Restructuring Statistics (Restructuring Performed)
 15. Source assignments for Memory:mem|RAM1:ram1|altsyncram:altsyncram_component|altsyncram_adl1:auto_generated
 16. Source assignments for Memory:mem|RAM1:ram2|altsyncram:altsyncram_component|altsyncram_adl1:auto_generated
 17. Source assignments for Memory:mem|RAM1:ram3|altsyncram:altsyncram_component|altsyncram_adl1:auto_generated
 18. Source assignments for Memory:mem|RAM1:ram4|altsyncram:altsyncram_component|altsyncram_adl1:auto_generated
 19. Parameter Settings for User Entity Instance: UART:uart|UART_rs232_rx:I_RS232RX
 20. Parameter Settings for User Entity Instance: UART:uart|UART_rs232_tx:I_RS232TX
 21. Parameter Settings for User Entity Instance: Memory:mem|RAM1:ram1|altsyncram:altsyncram_component
 22. Parameter Settings for User Entity Instance: Memory:mem|RAM1:ram2|altsyncram:altsyncram_component
 23. Parameter Settings for User Entity Instance: Memory:mem|RAM1:ram3|altsyncram:altsyncram_component
 24. Parameter Settings for User Entity Instance: Memory:mem|RAM1:ram4|altsyncram:altsyncram_component
 25. altsyncram Parameter Settings by Entity Instance
 26. Port Connectivity Checks: "Memory:mem"
 27. Port Connectivity Checks: "sevenSeg:display2"
 28. Port Connectivity Checks: "bytesCounterRX:counterRX"
 29. Port Connectivity Checks: "UART:uart|UART_BaudRate_generator:I_BAUDGEN"
 30. Port Connectivity Checks: "UART:uart|UART_rs232_rx:I_RS232RX"
 31. Port Connectivity Checks: "UART:uart"
 32. Post-Synthesis Netlist Statistics for Top Partition
 33. Elapsed Time Per Partition
 34. Analysis & Synthesis Messages
 35. Analysis & Synthesis Suppressed Messages



----------------
; Legal Notice ;
----------------
Copyright (C) 2022  Intel Corporation. All rights reserved.
Your use of Intel Corporation's design tools, logic functions 
and other software and tools, and any partner logic 
functions, and any output files from any of the foregoing 
(including device programming or simulation files), and any 
associated documentation or information are expressly subject 
to the terms and conditions of the Intel Program License 
Subscription Agreement, the Intel Quartus Prime License Agreement,
the Intel FPGA IP License Agreement, or other applicable license
agreement, including, without limitation, that your use is for
the sole purpose of programming logic devices manufactured by
Intel and sold by Intel or its authorized distributors.  Please
refer to the applicable agreement for further details, at
https://fpgasoftware.intel.com/eula.



+----------------------------------------------------------------------------------+
; Analysis & Synthesis Summary                                                     ;
+---------------------------------+------------------------------------------------+
; Analysis & Synthesis Status     ; Successful - Tue Jun 10 15:56:40 2025          ;
; Quartus Prime Version           ; 22.1std.0 Build 915 10/25/2022 SC Lite Edition ;
; Revision Name                   ; NPU_MATRIX                                     ;
; Top-level Entity Name           ; TOP                                            ;
; Family                          ; Cyclone V                                      ;
; Logic utilization (in ALMs)     ; N/A                                            ;
; Total registers                 ; 88                                             ;
; Total pins                      ; 43                                             ;
; Total virtual pins              ; 0                                              ;
; Total block memory bits         ; 2,048                                          ;
; Total DSP Blocks                ; 0                                              ;
; Total HSSI RX PCSs              ; 0                                              ;
; Total HSSI PMA RX Deserializers ; 0                                              ;
; Total HSSI TX PCSs              ; 0                                              ;
; Total HSSI PMA TX Serializers   ; 0                                              ;
; Total PLLs                      ; 0                                              ;
; Total DLLs                      ; 0                                              ;
+---------------------------------+------------------------------------------------+


+---------------------------------------------------------------------------------------------------------------------------+
; Analysis & Synthesis Settings                                                                                             ;
+---------------------------------------------------------------------------------+--------------------+--------------------+
; Option                                                                          ; Setting            ; Default Value      ;
+---------------------------------------------------------------------------------+--------------------+--------------------+
; Device                                                                          ; 5CSEMA5F31C6       ;                    ;
; Top-level entity name                                                           ; TOP                ; NPU_MATRIX         ;
; Family name                                                                     ; Cyclone V          ; Cyclone V          ;
; Use smart compilation                                                           ; Off                ; Off                ;
; Enable parallel Assembler and Timing Analyzer during compilation                ; On                 ; On                 ;
; Enable compact report table                                                     ; Off                ; Off                ;
; Restructure Multiplexers                                                        ; Auto               ; Auto               ;
; MLAB Add Timing Constraints For Mixed-Port Feed-Through Mode Setting Don't Care ; Off                ; Off                ;
; Create Debugging Nodes for IP Cores                                             ; Off                ; Off                ;
; Preserve fewer node names                                                       ; On                 ; On                 ;
; Intel FPGA IP Evaluation Mode                                                   ; Enable             ; Enable             ;
; Verilog Version                                                                 ; Verilog_2001       ; Verilog_2001       ;
; VHDL Version                                                                    ; VHDL_1993          ; VHDL_1993          ;
; State Machine Processing                                                        ; Auto               ; Auto               ;
; Safe State Machine                                                              ; Off                ; Off                ;
; Extract Verilog State Machines                                                  ; On                 ; On                 ;
; Extract VHDL State Machines                                                     ; On                 ; On                 ;
; Ignore Verilog initial constructs                                               ; Off                ; Off                ;
; Iteration limit for constant Verilog loops                                      ; 5000               ; 5000               ;
; Iteration limit for non-constant Verilog loops                                  ; 250                ; 250                ;
; Add Pass-Through Logic to Inferred RAMs                                         ; On                 ; On                 ;
; Infer RAMs from Raw Logic                                                       ; On                 ; On                 ;
; Parallel Synthesis                                                              ; On                 ; On                 ;
; DSP Block Balancing                                                             ; Auto               ; Auto               ;
; NOT Gate Push-Back                                                              ; On                 ; On                 ;
; Power-Up Don't Care                                                             ; On                 ; On                 ;
; Remove Redundant Logic Cells                                                    ; Off                ; Off                ;
; Remove Duplicate Registers                                                      ; On                 ; On                 ;
; Ignore CARRY Buffers                                                            ; Off                ; Off                ;
; Ignore CASCADE Buffers                                                          ; Off                ; Off                ;
; Ignore GLOBAL Buffers                                                           ; Off                ; Off                ;
; Ignore ROW GLOBAL Buffers                                                       ; Off                ; Off                ;
; Ignore LCELL Buffers                                                            ; Off                ; Off                ;
; Ignore SOFT Buffers                                                             ; On                 ; On                 ;
; Limit AHDL Integers to 32 Bits                                                  ; Off                ; Off                ;
; Optimization Technique                                                          ; Balanced           ; Balanced           ;
; Carry Chain Length                                                              ; 70                 ; 70                 ;
; Auto Carry Chains                                                               ; On                 ; On                 ;
; Auto Open-Drain Pins                                                            ; On                 ; On                 ;
; Perform WYSIWYG Primitive Resynthesis                                           ; Off                ; Off                ;
; Auto ROM Replacement                                                            ; On                 ; On                 ;
; Auto RAM Replacement                                                            ; On                 ; On                 ;
; Auto DSP Block Replacement                                                      ; On                 ; On                 ;
; Auto Shift Register Replacement                                                 ; Auto               ; Auto               ;
; Allow Shift Register Merging across Hierarchies                                 ; Auto               ; Auto               ;
; Auto Clock Enable Replacement                                                   ; On                 ; On                 ;
; Strict RAM Replacement                                                          ; Off                ; Off                ;
; Allow Synchronous Control Signals                                               ; On                 ; On                 ;
; Force Use of Synchronous Clear Signals                                          ; Off                ; Off                ;
; Auto Resource Sharing                                                           ; Off                ; Off                ;
; Allow Any RAM Size For Recognition                                              ; Off                ; Off                ;
; Allow Any ROM Size For Recognition                                              ; Off                ; Off                ;
; Allow Any Shift Register Size For Recognition                                   ; Off                ; Off                ;
; Use LogicLock Constraints during Resource Balancing                             ; On                 ; On                 ;
; Ignore translate_off and synthesis_off directives                               ; Off                ; Off                ;
; Timing-Driven Synthesis                                                         ; On                 ; On                 ;
; Report Parameter Settings                                                       ; On                 ; On                 ;
; Report Source Assignments                                                       ; On                 ; On                 ;
; Report Connectivity Checks                                                      ; On                 ; On                 ;
; Ignore Maximum Fan-Out Assignments                                              ; Off                ; Off                ;
; Synchronization Register Chain Length                                           ; 3                  ; 3                  ;
; Power Optimization During Synthesis                                             ; Normal compilation ; Normal compilation ;
; HDL message level                                                               ; Level2             ; Level2             ;
; Suppress Register Optimization Related Messages                                 ; Off                ; Off                ;
; Number of Removed Registers Reported in Synthesis Report                        ; 5000               ; 5000               ;
; Number of Swept Nodes Reported in Synthesis Report                              ; 5000               ; 5000               ;
; Number of Inverted Registers Reported in Synthesis Report                       ; 100                ; 100                ;
; Clock MUX Protection                                                            ; On                 ; On                 ;
; Auto Gated Clock Conversion                                                     ; Off                ; Off                ;
; Block Design Naming                                                             ; Auto               ; Auto               ;
; SDC constraint protection                                                       ; Off                ; Off                ;
; Synthesis Effort                                                                ; Auto               ; Auto               ;
; Shift Register Replacement - Allow Asynchronous Clear Signal                    ; On                 ; On                 ;
; Pre-Mapping Resynthesis Optimization                                            ; Off                ; Off                ;
; Analysis & Synthesis Message Level                                              ; Medium             ; Medium             ;
; Disable Register Merging Across Hierarchies                                     ; Auto               ; Auto               ;
; Resource Aware Inference For Block RAM                                          ; On                 ; On                 ;
; Automatic Parallel Synthesis                                                    ; On                 ; On                 ;
; Partial Reconfiguration Bitstream ID                                            ; Off                ; Off                ;
+---------------------------------------------------------------------------------+--------------------+--------------------+


+------------------------------------------+
; Parallel Compilation                     ;
+----------------------------+-------------+
; Processors                 ; Number      ;
+----------------------------+-------------+
; Number detected on machine ; 16          ;
; Maximum allowed            ; 16          ;
;                            ;             ;
; Average used               ; 1.00        ;
; Maximum used               ; 16          ;
;                            ;             ;
; Usage by Processor         ; % Time Used ;
;     Processor 1            ; 100.0%      ;
;     Processors 2-16        ;   0.0%      ;
+----------------------------+-------------+


+-------------------------------------------------------------------------------------------------------------------------------------------------------------------------------+
; Analysis & Synthesis Source Files Read                                                                                                                                        ;
+----------------------------------+-----------------+------------------------------+---------------------------------------------------------------------------------+---------+
; File Name with User-Entered Path ; Used in Netlist ; File Type                    ; File Name with Absolute Path                                                    ; Library ;
+----------------------------------+-----------------+------------------------------+---------------------------------------------------------------------------------+---------+
; UART_BaudRate_generator.sv       ; yes             ; User SystemVerilog HDL File  ; C:/Users/hp/Documents/Quartus/NPU_MATRIX/UART_BaudRate_generator.sv             ;         ;
; UART_rs232_rx.sv                 ; yes             ; User SystemVerilog HDL File  ; C:/Users/hp/Documents/Quartus/NPU_MATRIX/UART_rs232_rx.sv                       ;         ;
; TOP.sv                           ; yes             ; User SystemVerilog HDL File  ; C:/Users/hp/Documents/Quartus/NPU_MATRIX/TOP.sv                                 ;         ;
; UART_rs232_tx.sv                 ; yes             ; User SystemVerilog HDL File  ; C:/Users/hp/Documents/Quartus/NPU_MATRIX/UART_rs232_tx.sv                       ;         ;
; UART.sv                          ; yes             ; User SystemVerilog HDL File  ; C:/Users/hp/Documents/Quartus/NPU_MATRIX/UART.sv                                ;         ;
; bytesCounterRX.sv                ; yes             ; User SystemVerilog HDL File  ; C:/Users/hp/Documents/Quartus/NPU_MATRIX/bytesCounterRX.sv                      ;         ;
; sevenSeg.sv                      ; yes             ; User SystemVerilog HDL File  ; C:/Users/hp/Documents/Quartus/NPU_MATRIX/sevenSeg.sv                            ;         ;
; RAM1.v                           ; yes             ; User Wizard-Generated File   ; C:/Users/hp/Documents/Quartus/NPU_MATRIX/RAM1.v                                 ;         ;
; Memory.sv                        ; yes             ; User SystemVerilog HDL File  ; C:/Users/hp/Documents/Quartus/NPU_MATRIX/Memory.sv                              ;         ;
; altsyncram.tdf                   ; yes             ; Megafunction                 ; c:/intelfpga_lite/22.1std/quartus/libraries/megafunctions/altsyncram.tdf        ;         ;
; stratix_ram_block.inc            ; yes             ; Megafunction                 ; c:/intelfpga_lite/22.1std/quartus/libraries/megafunctions/stratix_ram_block.inc ;         ;
; lpm_mux.inc                      ; yes             ; Megafunction                 ; c:/intelfpga_lite/22.1std/quartus/libraries/megafunctions/lpm_mux.inc           ;         ;
; lpm_decode.inc                   ; yes             ; Megafunction                 ; c:/intelfpga_lite/22.1std/quartus/libraries/megafunctions/lpm_decode.inc        ;         ;
; aglobal221.inc                   ; yes             ; Megafunction                 ; c:/intelfpga_lite/22.1std/quartus/libraries/megafunctions/aglobal221.inc        ;         ;
; a_rdenreg.inc                    ; yes             ; Megafunction                 ; c:/intelfpga_lite/22.1std/quartus/libraries/megafunctions/a_rdenreg.inc         ;         ;
; altrom.inc                       ; yes             ; Megafunction                 ; c:/intelfpga_lite/22.1std/quartus/libraries/megafunctions/altrom.inc            ;         ;
; altram.inc                       ; yes             ; Megafunction                 ; c:/intelfpga_lite/22.1std/quartus/libraries/megafunctions/altram.inc            ;         ;
; altdpram.inc                     ; yes             ; Megafunction                 ; c:/intelfpga_lite/22.1std/quartus/libraries/megafunctions/altdpram.inc          ;         ;
; db/altsyncram_adl1.tdf           ; yes             ; Auto-Generated Megafunction  ; C:/Users/hp/Documents/Quartus/NPU_MATRIX/db/altsyncram_adl1.tdf                 ;         ;
+----------------------------------+-----------------+------------------------------+---------------------------------------------------------------------------------+---------+


+---------------------------------------------------------+
; Analysis & Synthesis Resource Usage Summary             ;
+---------------------------------------------+-----------+
; Resource                                    ; Usage     ;
+---------------------------------------------+-----------+
; Estimate of Logic utilization (ALMs needed) ; 71        ;
;                                             ;           ;
; Combinational ALUT usage for logic          ; 116       ;
;     -- 7 input functions                    ; 1         ;
;     -- 6 input functions                    ; 21        ;
;     -- 5 input functions                    ; 15        ;
;     -- 4 input functions                    ; 30        ;
;     -- <=3 input functions                  ; 49        ;
;                                             ;           ;
; Dedicated logic registers                   ; 88        ;
;                                             ;           ;
; I/O pins                                    ; 43        ;
; Total MLAB memory bits                      ; 0         ;
; Total block memory bits                     ; 2048      ;
;                                             ;           ;
; Total DSP Blocks                            ; 0         ;
;                                             ;           ;
; Maximum fan-out node                        ; clk~input ;
; Maximum fan-out                             ; 59        ;
; Total fan-out                               ; 877       ;
; Average fan-out                             ; 2.94      ;
+---------------------------------------------+-----------+


+-------------------------------------------------------------------------------------------------------------------------------------------------------------------------------------------------------------------------------------------------------------------------------------------+
; Analysis & Synthesis Resource Utilization by Entity                                                                                                                                                                                                                                       ;
+----------------------------------------------+---------------------+---------------------------+-------------------+------------+------+--------------+------------------------------------------------------------------------------------------+-------------------------+--------------+
; Compilation Hierarchy Node                   ; Combinational ALUTs ; Dedicated Logic Registers ; Block Memory Bits ; DSP Blocks ; Pins ; Virtual Pins ; Full Hierarchy Name                                                                      ; Entity Name             ; Library Name ;
+----------------------------------------------+---------------------+---------------------------+-------------------+------------+------+--------------+------------------------------------------------------------------------------------------+-------------------------+--------------+
; |TOP                                         ; 116 (1)             ; 88 (0)                    ; 2048              ; 0          ; 43   ; 0            ; |TOP                                                                                     ; TOP                     ; work         ;
;    |Memory:mem|                              ; 13 (13)             ; 8 (8)                     ; 2048              ; 0          ; 0    ; 0            ; |TOP|Memory:mem                                                                          ; Memory                  ; work         ;
;       |RAM1:ram1|                            ; 0 (0)               ; 0 (0)                     ; 2048              ; 0          ; 0    ; 0            ; |TOP|Memory:mem|RAM1:ram1                                                                ; RAM1                    ; work         ;
;          |altsyncram:altsyncram_component|   ; 0 (0)               ; 0 (0)                     ; 2048              ; 0          ; 0    ; 0            ; |TOP|Memory:mem|RAM1:ram1|altsyncram:altsyncram_component                                ; altsyncram              ; work         ;
;             |altsyncram_adl1:auto_generated| ; 0 (0)               ; 0 (0)                     ; 2048              ; 0          ; 0    ; 0            ; |TOP|Memory:mem|RAM1:ram1|altsyncram:altsyncram_component|altsyncram_adl1:auto_generated ; altsyncram_adl1         ; work         ;
;    |UART:uart|                               ; 63 (0)              ; 63 (0)                    ; 0                 ; 0          ; 0    ; 0            ; |TOP|UART:uart                                                                           ; UART                    ; work         ;
;       |UART_BaudRate_generator:I_BAUDGEN|    ; 21 (21)             ; 16 (16)                   ; 0                 ; 0          ; 0    ; 0            ; |TOP|UART:uart|UART_BaudRate_generator:I_BAUDGEN                                         ; UART_BaudRate_generator ; work         ;
;       |UART_rs232_rx:I_RS232RX|              ; 17 (17)             ; 27 (27)                   ; 0                 ; 0          ; 0    ; 0            ; |TOP|UART:uart|UART_rs232_rx:I_RS232RX                                                   ; UART_rs232_rx           ; work         ;
;       |UART_rs232_tx:I_RS232TX|              ; 25 (25)             ; 20 (20)                   ; 0                 ; 0          ; 0    ; 0            ; |TOP|UART:uart|UART_rs232_tx:I_RS232TX                                                   ; UART_rs232_tx           ; work         ;
;    |bytesCounterRX:counterRX|                ; 18 (18)             ; 17 (17)                   ; 0                 ; 0          ; 0    ; 0            ; |TOP|bytesCounterRX:counterRX                                                            ; bytesCounterRX          ; work         ;
;    |sevenSeg:display0|                       ; 7 (7)               ; 0 (0)                     ; 0                 ; 0          ; 0    ; 0            ; |TOP|sevenSeg:display0                                                                   ; sevenSeg                ; work         ;
;    |sevenSeg:display1|                       ; 7 (7)               ; 0 (0)                     ; 0                 ; 0          ; 0    ; 0            ; |TOP|sevenSeg:display1                                                                   ; sevenSeg                ; work         ;
;    |sevenSeg:display2|                       ; 7 (7)               ; 0 (0)                     ; 0                 ; 0          ; 0    ; 0            ; |TOP|sevenSeg:display2                                                                   ; sevenSeg                ; work         ;
+----------------------------------------------+---------------------+---------------------------+-------------------+------------+------+--------------+------------------------------------------------------------------------------------------+-------------------------+--------------+
Note: For table entries with two numbers listed, the numbers in parentheses indicate the number of resources of the given type used by the specific entity alone. The numbers listed outside of parentheses indicate the total resources of the given type used by the specific entity and all of its sub-entities in the hierarchy.


+-------------------------------------------------------------------------------------------------------------------------------------------------------------------------------------------------+
; Analysis & Synthesis RAM Summary                                                                                                                                                                ;
+------------------------------------------------------------------------------------------------+------+-------------+--------------+--------------+--------------+--------------+--------+------+
; Name                                                                                           ; Type ; Mode        ; Port A Depth ; Port A Width ; Port B Depth ; Port B Width ; Size   ; MIF  ;
+------------------------------------------------------------------------------------------------+------+-------------+--------------+--------------+--------------+--------------+--------+------+
; Memory:mem|RAM1:ram1|altsyncram:altsyncram_component|altsyncram_adl1:auto_generated|ALTSYNCRAM ; AUTO ; Single Port ; 8192         ; 16           ; --           ; --           ; 131072 ; None ;
+------------------------------------------------------------------------------------------------+------+-------------+--------------+--------------+--------------+--------------+--------+------+


+-------------------------------------------------------------------------------------------------------------+
; Analysis & Synthesis IP Cores Summary                                                                       ;
+--------+--------------+---------+--------------+--------------+---------------------------+-----------------+
; Vendor ; IP Core Name ; Version ; Release Date ; License Type ; Entity Instance           ; IP Include File ;
+--------+--------------+---------+--------------+--------------+---------------------------+-----------------+
; Altera ; RAM: 1-PORT  ; 22.1    ; N/A          ; N/A          ; |TOP|Memory:mem|RAM1:ram1 ; RAM1.v          ;
; Altera ; RAM: 1-PORT  ; 22.1    ; N/A          ; N/A          ; |TOP|Memory:mem|RAM1:ram2 ; RAM1.v          ;
; Altera ; RAM: 1-PORT  ; 22.1    ; N/A          ; N/A          ; |TOP|Memory:mem|RAM1:ram3 ; RAM1.v          ;
; Altera ; RAM: 1-PORT  ; 22.1    ; N/A          ; N/A          ; |TOP|Memory:mem|RAM1:ram4 ; RAM1.v          ;
+--------+--------------+---------+--------------+--------------+---------------------------+-----------------+


Encoding Type:  One-Hot
+--------------------------------------------------------------+
; State Machine - |TOP|UART:uart|UART_rs232_rx:I_RS232RX|State ;
+------------+-------------------------------------------------+
; Name       ; State.READ                                      ;
+------------+-------------------------------------------------+
; State.IDLE ; 0                                               ;
; State.READ ; 1                                               ;
+------------+-------------------------------------------------+


+--------------------------------------------------------------------------------------+
; Registers Removed During Synthesis                                                   ;
+---------------------------------------------+----------------------------------------+
; Register name                               ; Reason for Removal                     ;
+---------------------------------------------+----------------------------------------+
; Memory:mem|data[8..15]                      ; Lost fanout                            ;
; UART:uart|UART_rs232_rx:I_RS232RX|State~5   ; Lost fanout                            ;
; bytesCounterRX:counterRX|byte_count[16..31] ; Lost fanout                            ;
; UART:uart|UART_rs232_tx:I_RS232TX|Bit[3,4]  ; Stuck at GND due to stuck port data_in ;
; UART:uart|UART_rs232_rx:I_RS232RX|Bit[4]    ; Stuck at GND due to stuck port data_in ;
; Total Number of Removed Registers = 28      ;                                        ;
+---------------------------------------------+----------------------------------------+


+------------------------------------------------------+
; General Register Statistics                          ;
+----------------------------------------------+-------+
; Statistic                                    ; Value ;
+----------------------------------------------+-------+
; Total registers                              ; 88    ;
; Number of registers using Synchronous Clear  ; 17    ;
; Number of registers using Synchronous Load   ; 1     ;
; Number of registers using Asynchronous Clear ; 43    ;
; Number of registers using Asynchronous Load  ; 0     ;
; Number of registers using Clock Enable       ; 51    ;
; Number of registers using Preset             ; 0     ;
+----------------------------------------------+-------+


+----------------------------------------------------------------------+
; Inverted Register Statistics                                         ;
+------------------------------------------------------------+---------+
; Inverted Register                                          ; Fan out ;
+------------------------------------------------------------+---------+
; UART:uart|UART_rs232_tx:I_RS232TX|start_bit                ; 14      ;
; UART:uart|UART_BaudRate_generator:I_BAUDGEN|baudRateReg[0] ; 2       ;
; UART:uart|UART_rs232_rx:I_RS232RX|start_bit                ; 4       ;
; bytesCounterRX:counterRX|rxDone_prev                       ; 1       ;
; Total number of inverted registers = 4                     ;         ;
+------------------------------------------------------------+---------+


+-----------------------------------------------------------------------------------------------------------------------------------------------------------------+
; Multiplexer Restructuring Statistics (Restructuring Performed)                                                                                                  ;
+--------------------+-----------+---------------+----------------------+------------------------+------------+---------------------------------------------------+
; Multiplexer Inputs ; Bus Width ; Baseline Area ; Area if Restructured ; Saving if Restructured ; Registered ; Example Multiplexer Output                        ;
+--------------------+-----------+---------------+----------------------+------------------------+------------+---------------------------------------------------+
; 3:1                ; 7 bits    ; 14 LEs        ; 7 LEs                ; 7 LEs                  ; Yes        ; |TOP|UART:uart|UART_rs232_tx:I_RS232TX|in_data[2] ;
; 3:1                ; 5 bits    ; 10 LEs        ; 5 LEs                ; 5 LEs                  ; Yes        ; |TOP|UART:uart|UART_rs232_tx:I_RS232TX|Bit[3]     ;
; 3:1                ; 5 bits    ; 10 LEs        ; 5 LEs                ; 5 LEs                  ; Yes        ; |TOP|UART:uart|UART_rs232_rx:I_RS232RX|Bit[3]     ;
; 4:1                ; 4 bits    ; 8 LEs         ; 8 LEs                ; 0 LEs                  ; Yes        ; |TOP|UART:uart|UART_rs232_tx:I_RS232TX|counter[1] ;
; 4:1                ; 4 bits    ; 8 LEs         ; 8 LEs                ; 0 LEs                  ; Yes        ; |TOP|UART:uart|UART_rs232_rx:I_RS232RX|counter[1] ;
+--------------------+-----------+---------------+----------------------+------------------------+------------+---------------------------------------------------+


+------------------------------------------------------------------------------------------------------------+
; Source assignments for Memory:mem|RAM1:ram1|altsyncram:altsyncram_component|altsyncram_adl1:auto_generated ;
+---------------------------------+--------------------+------+----------------------------------------------+
; Assignment                      ; Value              ; From ; To                                           ;
+---------------------------------+--------------------+------+----------------------------------------------+
; OPTIMIZE_POWER_DURING_SYNTHESIS ; NORMAL_COMPILATION ; -    ; -                                            ;
+---------------------------------+--------------------+------+----------------------------------------------+


+------------------------------------------------------------------------------------------------------------+
; Source assignments for Memory:mem|RAM1:ram2|altsyncram:altsyncram_component|altsyncram_adl1:auto_generated ;
+---------------------------------+--------------------+------+----------------------------------------------+
; Assignment                      ; Value              ; From ; To                                           ;
+---------------------------------+--------------------+------+----------------------------------------------+
; OPTIMIZE_POWER_DURING_SYNTHESIS ; NORMAL_COMPILATION ; -    ; -                                            ;
+---------------------------------+--------------------+------+----------------------------------------------+


+------------------------------------------------------------------------------------------------------------+
; Source assignments for Memory:mem|RAM1:ram3|altsyncram:altsyncram_component|altsyncram_adl1:auto_generated ;
+---------------------------------+--------------------+------+----------------------------------------------+
; Assignment                      ; Value              ; From ; To                                           ;
+---------------------------------+--------------------+------+----------------------------------------------+
; OPTIMIZE_POWER_DURING_SYNTHESIS ; NORMAL_COMPILATION ; -    ; -                                            ;
+---------------------------------+--------------------+------+----------------------------------------------+


+------------------------------------------------------------------------------------------------------------+
; Source assignments for Memory:mem|RAM1:ram4|altsyncram:altsyncram_component|altsyncram_adl1:auto_generated ;
+---------------------------------+--------------------+------+----------------------------------------------+
; Assignment                      ; Value              ; From ; To                                           ;
+---------------------------------+--------------------+------+----------------------------------------------+
; OPTIMIZE_POWER_DURING_SYNTHESIS ; NORMAL_COMPILATION ; -    ; -                                            ;
+---------------------------------+--------------------+------+----------------------------------------------+


+--------------------------------------------------------------------------------+
; Parameter Settings for User Entity Instance: UART:uart|UART_rs232_rx:I_RS232RX ;
+----------------+-------+-------------------------------------------------------+
; Parameter Name ; Value ; Type                                                  ;
+----------------+-------+-------------------------------------------------------+
; IDLE           ; 0     ; Unsigned Binary                                       ;
; READ           ; 1     ; Unsigned Binary                                       ;
+----------------+-------+-------------------------------------------------------+
Note: In order to hide this table in the UI and the text report file, please set the "Show Parameter Settings in Synthesis Report" option in "Analysis and Synthesis Settings -> More Settings" to "Off".


+--------------------------------------------------------------------------------+
; Parameter Settings for User Entity Instance: UART:uart|UART_rs232_tx:I_RS232TX ;
+----------------+-------+-------------------------------------------------------+
; Parameter Name ; Value ; Type                                                  ;
+----------------+-------+-------------------------------------------------------+
; IDLE           ; 0     ; Unsigned Binary                                       ;
; WRITE          ; 1     ; Unsigned Binary                                       ;
+----------------+-------+-------------------------------------------------------+
Note: In order to hide this table in the UI and the text report file, please set the "Show Parameter Settings in Synthesis Report" option in "Analysis and Synthesis Settings -> More Settings" to "Off".


+---------------------------------------------------------------------------------------------------+
; Parameter Settings for User Entity Instance: Memory:mem|RAM1:ram1|altsyncram:altsyncram_component ;
+------------------------------------+----------------------+---------------------------------------+
; Parameter Name                     ; Value                ; Type                                  ;
+------------------------------------+----------------------+---------------------------------------+
; BYTE_SIZE_BLOCK                    ; 8                    ; Untyped                               ;
; AUTO_CARRY_CHAINS                  ; ON                   ; AUTO_CARRY                            ;
; IGNORE_CARRY_BUFFERS               ; OFF                  ; IGNORE_CARRY                          ;
; AUTO_CASCADE_CHAINS                ; ON                   ; AUTO_CASCADE                          ;
; IGNORE_CASCADE_BUFFERS             ; OFF                  ; IGNORE_CASCADE                        ;
; WIDTH_BYTEENA                      ; 1                    ; Untyped                               ;
; OPERATION_MODE                     ; SINGLE_PORT          ; Untyped                               ;
; WIDTH_A                            ; 16                   ; Signed Integer                        ;
; WIDTHAD_A                          ; 13                   ; Signed Integer                        ;
; NUMWORDS_A                         ; 8192                 ; Signed Integer                        ;
; OUTDATA_REG_A                      ; UNREGISTERED         ; Untyped                               ;
; ADDRESS_ACLR_A                     ; NONE                 ; Untyped                               ;
; OUTDATA_ACLR_A                     ; NONE                 ; Untyped                               ;
; WRCONTROL_ACLR_A                   ; NONE                 ; Untyped                               ;
; INDATA_ACLR_A                      ; NONE                 ; Untyped                               ;
; BYTEENA_ACLR_A                     ; NONE                 ; Untyped                               ;
; WIDTH_B                            ; 1                    ; Untyped                               ;
; WIDTHAD_B                          ; 1                    ; Untyped                               ;
; NUMWORDS_B                         ; 1                    ; Untyped                               ;
; INDATA_REG_B                       ; CLOCK1               ; Untyped                               ;
; WRCONTROL_WRADDRESS_REG_B          ; CLOCK1               ; Untyped                               ;
; RDCONTROL_REG_B                    ; CLOCK1               ; Untyped                               ;
; ADDRESS_REG_B                      ; CLOCK1               ; Untyped                               ;
; OUTDATA_REG_B                      ; UNREGISTERED         ; Untyped                               ;
; BYTEENA_REG_B                      ; CLOCK1               ; Untyped                               ;
; INDATA_ACLR_B                      ; NONE                 ; Untyped                               ;
; WRCONTROL_ACLR_B                   ; NONE                 ; Untyped                               ;
; ADDRESS_ACLR_B                     ; NONE                 ; Untyped                               ;
; OUTDATA_ACLR_B                     ; NONE                 ; Untyped                               ;
; RDCONTROL_ACLR_B                   ; NONE                 ; Untyped                               ;
; BYTEENA_ACLR_B                     ; NONE                 ; Untyped                               ;
; WIDTH_BYTEENA_A                    ; 1                    ; Signed Integer                        ;
; WIDTH_BYTEENA_B                    ; 1                    ; Untyped                               ;
; RAM_BLOCK_TYPE                     ; AUTO                 ; Untyped                               ;
; BYTE_SIZE                          ; 8                    ; Untyped                               ;
; READ_DURING_WRITE_MODE_MIXED_PORTS ; DONT_CARE            ; Untyped                               ;
; READ_DURING_WRITE_MODE_PORT_A      ; DONT_CARE            ; Untyped                               ;
; READ_DURING_WRITE_MODE_PORT_B      ; NEW_DATA_NO_NBE_READ ; Untyped                               ;
; INIT_FILE                          ; UNUSED               ; Untyped                               ;
; INIT_FILE_LAYOUT                   ; PORT_A               ; Untyped                               ;
; MAXIMUM_DEPTH                      ; 0                    ; Untyped                               ;
; CLOCK_ENABLE_INPUT_A               ; BYPASS               ; Untyped                               ;
; CLOCK_ENABLE_INPUT_B               ; NORMAL               ; Untyped                               ;
; CLOCK_ENABLE_OUTPUT_A              ; BYPASS               ; Untyped                               ;
; CLOCK_ENABLE_OUTPUT_B              ; NORMAL               ; Untyped                               ;
; CLOCK_ENABLE_CORE_A                ; USE_INPUT_CLKEN      ; Untyped                               ;
; CLOCK_ENABLE_CORE_B                ; USE_INPUT_CLKEN      ; Untyped                               ;
; ENABLE_ECC                         ; FALSE                ; Untyped                               ;
; ECC_PIPELINE_STAGE_ENABLED         ; FALSE                ; Untyped                               ;
; WIDTH_ECCSTATUS                    ; 3                    ; Untyped                               ;
; DEVICE_FAMILY                      ; Cyclone V            ; Untyped                               ;
; CBXI_PARAMETER                     ; altsyncram_adl1      ; Untyped                               ;
+------------------------------------+----------------------+---------------------------------------+
Note: In order to hide this table in the UI and the text report file, please set the "Show Parameter Settings in Synthesis Report" option in "Analysis and Synthesis Settings -> More Settings" to "Off".


+---------------------------------------------------------------------------------------------------+
; Parameter Settings for User Entity Instance: Memory:mem|RAM1:ram2|altsyncram:altsyncram_component ;
+------------------------------------+----------------------+---------------------------------------+
; Parameter Name                     ; Value                ; Type                                  ;
+------------------------------------+----------------------+---------------------------------------+
; BYTE_SIZE_BLOCK                    ; 8                    ; Untyped                               ;
; AUTO_CARRY_CHAINS                  ; ON                   ; AUTO_CARRY                            ;
; IGNORE_CARRY_BUFFERS               ; OFF                  ; IGNORE_CARRY                          ;
; AUTO_CASCADE_CHAINS                ; ON                   ; AUTO_CASCADE                          ;
; IGNORE_CASCADE_BUFFERS             ; OFF                  ; IGNORE_CASCADE                        ;
; WIDTH_BYTEENA                      ; 1                    ; Untyped                               ;
; OPERATION_MODE                     ; SINGLE_PORT          ; Untyped                               ;
; WIDTH_A                            ; 16                   ; Signed Integer                        ;
; WIDTHAD_A                          ; 13                   ; Signed Integer                        ;
; NUMWORDS_A                         ; 8192                 ; Signed Integer                        ;
; OUTDATA_REG_A                      ; UNREGISTERED         ; Untyped                               ;
; ADDRESS_ACLR_A                     ; NONE                 ; Untyped                               ;
; OUTDATA_ACLR_A                     ; NONE                 ; Untyped                               ;
; WRCONTROL_ACLR_A                   ; NONE                 ; Untyped                               ;
; INDATA_ACLR_A                      ; NONE                 ; Untyped                               ;
; BYTEENA_ACLR_A                     ; NONE                 ; Untyped                               ;
; WIDTH_B                            ; 1                    ; Untyped                               ;
; WIDTHAD_B                          ; 1                    ; Untyped                               ;
; NUMWORDS_B                         ; 1                    ; Untyped                               ;
; INDATA_REG_B                       ; CLOCK1               ; Untyped                               ;
; WRCONTROL_WRADDRESS_REG_B          ; CLOCK1               ; Untyped                               ;
; RDCONTROL_REG_B                    ; CLOCK1               ; Untyped                               ;
; ADDRESS_REG_B                      ; CLOCK1               ; Untyped                               ;
; OUTDATA_REG_B                      ; UNREGISTERED         ; Untyped                               ;
; BYTEENA_REG_B                      ; CLOCK1               ; Untyped                               ;
; INDATA_ACLR_B                      ; NONE                 ; Untyped                               ;
; WRCONTROL_ACLR_B                   ; NONE                 ; Untyped                               ;
; ADDRESS_ACLR_B                     ; NONE                 ; Untyped                               ;
; OUTDATA_ACLR_B                     ; NONE                 ; Untyped                               ;
; RDCONTROL_ACLR_B                   ; NONE                 ; Untyped                               ;
; BYTEENA_ACLR_B                     ; NONE                 ; Untyped                               ;
; WIDTH_BYTEENA_A                    ; 1                    ; Signed Integer                        ;
; WIDTH_BYTEENA_B                    ; 1                    ; Untyped                               ;
; RAM_BLOCK_TYPE                     ; AUTO                 ; Untyped                               ;
; BYTE_SIZE                          ; 8                    ; Untyped                               ;
; READ_DURING_WRITE_MODE_MIXED_PORTS ; DONT_CARE            ; Untyped                               ;
; READ_DURING_WRITE_MODE_PORT_A      ; DONT_CARE            ; Untyped                               ;
; READ_DURING_WRITE_MODE_PORT_B      ; NEW_DATA_NO_NBE_READ ; Untyped                               ;
; INIT_FILE                          ; UNUSED               ; Untyped                               ;
; INIT_FILE_LAYOUT                   ; PORT_A               ; Untyped                               ;
; MAXIMUM_DEPTH                      ; 0                    ; Untyped                               ;
; CLOCK_ENABLE_INPUT_A               ; BYPASS               ; Untyped                               ;
; CLOCK_ENABLE_INPUT_B               ; NORMAL               ; Untyped                               ;
; CLOCK_ENABLE_OUTPUT_A              ; BYPASS               ; Untyped                               ;
; CLOCK_ENABLE_OUTPUT_B              ; NORMAL               ; Untyped                               ;
; CLOCK_ENABLE_CORE_A                ; USE_INPUT_CLKEN      ; Untyped                               ;
; CLOCK_ENABLE_CORE_B                ; USE_INPUT_CLKEN      ; Untyped                               ;
; ENABLE_ECC                         ; FALSE                ; Untyped                               ;
; ECC_PIPELINE_STAGE_ENABLED         ; FALSE                ; Untyped                               ;
; WIDTH_ECCSTATUS                    ; 3                    ; Untyped                               ;
; DEVICE_FAMILY                      ; Cyclone V            ; Untyped                               ;
; CBXI_PARAMETER                     ; altsyncram_adl1      ; Untyped                               ;
+------------------------------------+----------------------+---------------------------------------+
Note: In order to hide this table in the UI and the text report file, please set the "Show Parameter Settings in Synthesis Report" option in "Analysis and Synthesis Settings -> More Settings" to "Off".


+---------------------------------------------------------------------------------------------------+
; Parameter Settings for User Entity Instance: Memory:mem|RAM1:ram3|altsyncram:altsyncram_component ;
+------------------------------------+----------------------+---------------------------------------+
; Parameter Name                     ; Value                ; Type                                  ;
+------------------------------------+----------------------+---------------------------------------+
; BYTE_SIZE_BLOCK                    ; 8                    ; Untyped                               ;
; AUTO_CARRY_CHAINS                  ; ON                   ; AUTO_CARRY                            ;
; IGNORE_CARRY_BUFFERS               ; OFF                  ; IGNORE_CARRY                          ;
; AUTO_CASCADE_CHAINS                ; ON                   ; AUTO_CASCADE                          ;
; IGNORE_CASCADE_BUFFERS             ; OFF                  ; IGNORE_CASCADE                        ;
; WIDTH_BYTEENA                      ; 1                    ; Untyped                               ;
; OPERATION_MODE                     ; SINGLE_PORT          ; Untyped                               ;
; WIDTH_A                            ; 16                   ; Signed Integer                        ;
; WIDTHAD_A                          ; 13                   ; Signed Integer                        ;
; NUMWORDS_A                         ; 8192                 ; Signed Integer                        ;
; OUTDATA_REG_A                      ; UNREGISTERED         ; Untyped                               ;
; ADDRESS_ACLR_A                     ; NONE                 ; Untyped                               ;
; OUTDATA_ACLR_A                     ; NONE                 ; Untyped                               ;
; WRCONTROL_ACLR_A                   ; NONE                 ; Untyped                               ;
; INDATA_ACLR_A                      ; NONE                 ; Untyped                               ;
; BYTEENA_ACLR_A                     ; NONE                 ; Untyped                               ;
; WIDTH_B                            ; 1                    ; Untyped                               ;
; WIDTHAD_B                          ; 1                    ; Untyped                               ;
; NUMWORDS_B                         ; 1                    ; Untyped                               ;
; INDATA_REG_B                       ; CLOCK1               ; Untyped                               ;
; WRCONTROL_WRADDRESS_REG_B          ; CLOCK1               ; Untyped                               ;
; RDCONTROL_REG_B                    ; CLOCK1               ; Untyped                               ;
; ADDRESS_REG_B                      ; CLOCK1               ; Untyped                               ;
; OUTDATA_REG_B                      ; UNREGISTERED         ; Untyped                               ;
; BYTEENA_REG_B                      ; CLOCK1               ; Untyped                               ;
; INDATA_ACLR_B                      ; NONE                 ; Untyped                               ;
; WRCONTROL_ACLR_B                   ; NONE                 ; Untyped                               ;
; ADDRESS_ACLR_B                     ; NONE                 ; Untyped                               ;
; OUTDATA_ACLR_B                     ; NONE                 ; Untyped                               ;
; RDCONTROL_ACLR_B                   ; NONE                 ; Untyped                               ;
; BYTEENA_ACLR_B                     ; NONE                 ; Untyped                               ;
; WIDTH_BYTEENA_A                    ; 1                    ; Signed Integer                        ;
; WIDTH_BYTEENA_B                    ; 1                    ; Untyped                               ;
; RAM_BLOCK_TYPE                     ; AUTO                 ; Untyped                               ;
; BYTE_SIZE                          ; 8                    ; Untyped                               ;
; READ_DURING_WRITE_MODE_MIXED_PORTS ; DONT_CARE            ; Untyped                               ;
; READ_DURING_WRITE_MODE_PORT_A      ; DONT_CARE            ; Untyped                               ;
; READ_DURING_WRITE_MODE_PORT_B      ; NEW_DATA_NO_NBE_READ ; Untyped                               ;
; INIT_FILE                          ; UNUSED               ; Untyped                               ;
; INIT_FILE_LAYOUT                   ; PORT_A               ; Untyped                               ;
; MAXIMUM_DEPTH                      ; 0                    ; Untyped                               ;
; CLOCK_ENABLE_INPUT_A               ; BYPASS               ; Untyped                               ;
; CLOCK_ENABLE_INPUT_B               ; NORMAL               ; Untyped                               ;
; CLOCK_ENABLE_OUTPUT_A              ; BYPASS               ; Untyped                               ;
; CLOCK_ENABLE_OUTPUT_B              ; NORMAL               ; Untyped                               ;
; CLOCK_ENABLE_CORE_A                ; USE_INPUT_CLKEN      ; Untyped                               ;
; CLOCK_ENABLE_CORE_B                ; USE_INPUT_CLKEN      ; Untyped                               ;
; ENABLE_ECC                         ; FALSE                ; Untyped                               ;
; ECC_PIPELINE_STAGE_ENABLED         ; FALSE                ; Untyped                               ;
; WIDTH_ECCSTATUS                    ; 3                    ; Untyped                               ;
; DEVICE_FAMILY                      ; Cyclone V            ; Untyped                               ;
; CBXI_PARAMETER                     ; altsyncram_adl1      ; Untyped                               ;
+------------------------------------+----------------------+---------------------------------------+
Note: In order to hide this table in the UI and the text report file, please set the "Show Parameter Settings in Synthesis Report" option in "Analysis and Synthesis Settings -> More Settings" to "Off".


+---------------------------------------------------------------------------------------------------+
; Parameter Settings for User Entity Instance: Memory:mem|RAM1:ram4|altsyncram:altsyncram_component ;
+------------------------------------+----------------------+---------------------------------------+
; Parameter Name                     ; Value                ; Type                                  ;
+------------------------------------+----------------------+---------------------------------------+
; BYTE_SIZE_BLOCK                    ; 8                    ; Untyped                               ;
; AUTO_CARRY_CHAINS                  ; ON                   ; AUTO_CARRY                            ;
; IGNORE_CARRY_BUFFERS               ; OFF                  ; IGNORE_CARRY                          ;
; AUTO_CASCADE_CHAINS                ; ON                   ; AUTO_CASCADE                          ;
; IGNORE_CASCADE_BUFFERS             ; OFF                  ; IGNORE_CASCADE                        ;
; WIDTH_BYTEENA                      ; 1                    ; Untyped                               ;
; OPERATION_MODE                     ; SINGLE_PORT          ; Untyped                               ;
; WIDTH_A                            ; 16                   ; Signed Integer                        ;
; WIDTHAD_A                          ; 13                   ; Signed Integer                        ;
; NUMWORDS_A                         ; 8192                 ; Signed Integer                        ;
; OUTDATA_REG_A                      ; UNREGISTERED         ; Untyped                               ;
; ADDRESS_ACLR_A                     ; NONE                 ; Untyped                               ;
; OUTDATA_ACLR_A                     ; NONE                 ; Untyped                               ;
; WRCONTROL_ACLR_A                   ; NONE                 ; Untyped                               ;
; INDATA_ACLR_A                      ; NONE                 ; Untyped                               ;
; BYTEENA_ACLR_A                     ; NONE                 ; Untyped                               ;
; WIDTH_B                            ; 1                    ; Untyped                               ;
; WIDTHAD_B                          ; 1                    ; Untyped                               ;
; NUMWORDS_B                         ; 1                    ; Untyped                               ;
; INDATA_REG_B                       ; CLOCK1               ; Untyped                               ;
; WRCONTROL_WRADDRESS_REG_B          ; CLOCK1               ; Untyped                               ;
; RDCONTROL_REG_B                    ; CLOCK1               ; Untyped                               ;
; ADDRESS_REG_B                      ; CLOCK1               ; Untyped                               ;
; OUTDATA_REG_B                      ; UNREGISTERED         ; Untyped                               ;
; BYTEENA_REG_B                      ; CLOCK1               ; Untyped                               ;
; INDATA_ACLR_B                      ; NONE                 ; Untyped                               ;
; WRCONTROL_ACLR_B                   ; NONE                 ; Untyped                               ;
; ADDRESS_ACLR_B                     ; NONE                 ; Untyped                               ;
; OUTDATA_ACLR_B                     ; NONE                 ; Untyped                               ;
; RDCONTROL_ACLR_B                   ; NONE                 ; Untyped                               ;
; BYTEENA_ACLR_B                     ; NONE                 ; Untyped                               ;
; WIDTH_BYTEENA_A                    ; 1                    ; Signed Integer                        ;
; WIDTH_BYTEENA_B                    ; 1                    ; Untyped                               ;
; RAM_BLOCK_TYPE                     ; AUTO                 ; Untyped                               ;
; BYTE_SIZE                          ; 8                    ; Untyped                               ;
; READ_DURING_WRITE_MODE_MIXED_PORTS ; DONT_CARE            ; Untyped                               ;
; READ_DURING_WRITE_MODE_PORT_A      ; DONT_CARE            ; Untyped                               ;
; READ_DURING_WRITE_MODE_PORT_B      ; NEW_DATA_NO_NBE_READ ; Untyped                               ;
; INIT_FILE                          ; UNUSED               ; Untyped                               ;
; INIT_FILE_LAYOUT                   ; PORT_A               ; Untyped                               ;
; MAXIMUM_DEPTH                      ; 0                    ; Untyped                               ;
; CLOCK_ENABLE_INPUT_A               ; BYPASS               ; Untyped                               ;
; CLOCK_ENABLE_INPUT_B               ; NORMAL               ; Untyped                               ;
; CLOCK_ENABLE_OUTPUT_A              ; BYPASS               ; Untyped                               ;
; CLOCK_ENABLE_OUTPUT_B              ; NORMAL               ; Untyped                               ;
; CLOCK_ENABLE_CORE_A                ; USE_INPUT_CLKEN      ; Untyped                               ;
; CLOCK_ENABLE_CORE_B                ; USE_INPUT_CLKEN      ; Untyped                               ;
; ENABLE_ECC                         ; FALSE                ; Untyped                               ;
; ECC_PIPELINE_STAGE_ENABLED         ; FALSE                ; Untyped                               ;
; WIDTH_ECCSTATUS                    ; 3                    ; Untyped                               ;
; DEVICE_FAMILY                      ; Cyclone V            ; Untyped                               ;
; CBXI_PARAMETER                     ; altsyncram_adl1      ; Untyped                               ;
+------------------------------------+----------------------+---------------------------------------+
Note: In order to hide this table in the UI and the text report file, please set the "Show Parameter Settings in Synthesis Report" option in "Analysis and Synthesis Settings -> More Settings" to "Off".


+--------------------------------------------------------------------------------------------------+
; altsyncram Parameter Settings by Entity Instance                                                 ;
+-------------------------------------------+------------------------------------------------------+
; Name                                      ; Value                                                ;
+-------------------------------------------+------------------------------------------------------+
; Number of entity instances                ; 4                                                    ;
; Entity Instance                           ; Memory:mem|RAM1:ram1|altsyncram:altsyncram_component ;
;     -- OPERATION_MODE                     ; SINGLE_PORT                                          ;
;     -- WIDTH_A                            ; 16                                                   ;
;     -- NUMWORDS_A                         ; 8192                                                 ;
;     -- OUTDATA_REG_A                      ; UNREGISTERED                                         ;
;     -- WIDTH_B                            ; 1                                                    ;
;     -- NUMWORDS_B                         ; 1                                                    ;
;     -- ADDRESS_REG_B                      ; CLOCK1                                               ;
;     -- OUTDATA_REG_B                      ; UNREGISTERED                                         ;
;     -- RAM_BLOCK_TYPE                     ; AUTO                                                 ;
;     -- READ_DURING_WRITE_MODE_MIXED_PORTS ; DONT_CARE                                            ;
; Entity Instance                           ; Memory:mem|RAM1:ram2|altsyncram:altsyncram_component ;
;     -- OPERATION_MODE                     ; SINGLE_PORT                                          ;
;     -- WIDTH_A                            ; 16                                                   ;
;     -- NUMWORDS_A                         ; 8192                                                 ;
;     -- OUTDATA_REG_A                      ; UNREGISTERED                                         ;
;     -- WIDTH_B                            ; 1                                                    ;
;     -- NUMWORDS_B                         ; 1                                                    ;
;     -- ADDRESS_REG_B                      ; CLOCK1                                               ;
;     -- OUTDATA_REG_B                      ; UNREGISTERED                                         ;
;     -- RAM_BLOCK_TYPE                     ; AUTO                                                 ;
;     -- READ_DURING_WRITE_MODE_MIXED_PORTS ; DONT_CARE                                            ;
; Entity Instance                           ; Memory:mem|RAM1:ram3|altsyncram:altsyncram_component ;
;     -- OPERATION_MODE                     ; SINGLE_PORT                                          ;
;     -- WIDTH_A                            ; 16                                                   ;
;     -- NUMWORDS_A                         ; 8192                                                 ;
;     -- OUTDATA_REG_A                      ; UNREGISTERED                                         ;
;     -- WIDTH_B                            ; 1                                                    ;
;     -- NUMWORDS_B                         ; 1                                                    ;
;     -- ADDRESS_REG_B                      ; CLOCK1                                               ;
;     -- OUTDATA_REG_B                      ; UNREGISTERED                                         ;
;     -- RAM_BLOCK_TYPE                     ; AUTO                                                 ;
;     -- READ_DURING_WRITE_MODE_MIXED_PORTS ; DONT_CARE                                            ;
; Entity Instance                           ; Memory:mem|RAM1:ram4|altsyncram:altsyncram_component ;
;     -- OPERATION_MODE                     ; SINGLE_PORT                                          ;
;     -- WIDTH_A                            ; 16                                                   ;
;     -- NUMWORDS_A                         ; 8192                                                 ;
;     -- OUTDATA_REG_A                      ; UNREGISTERED                                         ;
;     -- WIDTH_B                            ; 1                                                    ;
;     -- NUMWORDS_B                         ; 1                                                    ;
;     -- ADDRESS_REG_B                      ; CLOCK1                                               ;
;     -- OUTDATA_REG_B                      ; UNREGISTERED                                         ;
;     -- RAM_BLOCK_TYPE                     ; AUTO                                                 ;
;     -- READ_DURING_WRITE_MODE_MIXED_PORTS ; DONT_CARE                                            ;
+-------------------------------------------+------------------------------------------------------+


+----------------------------------------------------------------------------------------------------------------------------+
; Port Connectivity Checks: "Memory:mem"                                                                                     ;
+------------------+--------+----------+-------------------------------------------------------------------------------------+
; Port             ; Type   ; Severity ; Details                                                                             ;
+------------------+--------+----------+-------------------------------------------------------------------------------------+
; ramOut[1..3]     ; Output ; Info     ; Connected to dangling logic. Logic that only feeds a dangling port will be removed. ;
; ramOut[0][15..8] ; Output ; Info     ; Connected to dangling logic. Logic that only feeds a dangling port will be removed. ;
+------------------+--------+----------+-------------------------------------------------------------------------------------+


+--------------------------------------------------------------------------------------------------------------------------------------------------------------------------------------------------+
; Port Connectivity Checks: "sevenSeg:display2"                                                                                                                                                    ;
+------+--------+----------+-----------------------------------------------------------------------------------------------------------------------------------------------------------------------+
; Port ; Type   ; Severity ; Details                                                                                                                                                               ;
+------+--------+----------+-----------------------------------------------------------------------------------------------------------------------------------------------------------------------+
; y    ; Output ; Warning  ; Output or bidir port (7 bits) is smaller than the port expression (8 bits) it drives.  The 1 most-significant bit(s) in the port expression will be connected to GND. ;
+------+--------+----------+-----------------------------------------------------------------------------------------------------------------------------------------------------------------------+


+------------------------------------------------------------------------------------------------------------------------------+
; Port Connectivity Checks: "bytesCounterRX:counterRX"                                                                         ;
+--------------------+--------+----------+-------------------------------------------------------------------------------------+
; Port               ; Type   ; Severity ; Details                                                                             ;
+--------------------+--------+----------+-------------------------------------------------------------------------------------+
; byte_count[31..16] ; Output ; Info     ; Connected to dangling logic. Logic that only feeds a dangling port will be removed. ;
+--------------------+--------+----------+-------------------------------------------------------------------------------------+


+-------------------------------------------------------------------------+
; Port Connectivity Checks: "UART:uart|UART_BaudRate_generator:I_BAUDGEN" ;
+-----------------+-------+----------+------------------------------------+
; Port            ; Type  ; Severity ; Details                            ;
+-----------------+-------+----------+------------------------------------+
; BaudRate[15..9] ; Input ; Info     ; Stuck at GND                       ;
; BaudRate[5..3]  ; Input ; Info     ; Stuck at GND                       ;
; BaudRate[8]     ; Input ; Info     ; Stuck at VCC                       ;
; BaudRate[7]     ; Input ; Info     ; Stuck at GND                       ;
; BaudRate[6]     ; Input ; Info     ; Stuck at VCC                       ;
; BaudRate[2]     ; Input ; Info     ; Stuck at VCC                       ;
; BaudRate[1]     ; Input ; Info     ; Stuck at GND                       ;
; BaudRate[0]     ; Input ; Info     ; Stuck at VCC                       ;
+-----------------+-------+----------+------------------------------------+


+---------------------------------------------------------------+
; Port Connectivity Checks: "UART:uart|UART_rs232_rx:I_RS232RX" ;
+------+-------+----------+-------------------------------------+
; Port ; Type  ; Severity ; Details                             ;
+------+-------+----------+-------------------------------------+
; RxEn ; Input ; Info     ; Stuck at VCC                        ;
+------+-------+----------+-------------------------------------+


+------------------------------------------------------------------------------------------------------------------+
; Port Connectivity Checks: "UART:uart"                                                                            ;
+--------+--------+----------+-------------------------------------------------------------------------------------+
; Port   ; Type   ; Severity ; Details                                                                             ;
+--------+--------+----------+-------------------------------------------------------------------------------------+
; TxDone ; Output ; Info     ; Connected to dangling logic. Logic that only feeds a dangling port will be removed. ;
+--------+--------+----------+-------------------------------------------------------------------------------------+


+-----------------------------------------------------+
; Post-Synthesis Netlist Statistics for Top Partition ;
+-----------------------+-----------------------------+
; Type                  ; Count                       ;
+-----------------------+-----------------------------+
; arriav_ff             ; 88                          ;
;     CLR               ; 3                           ;
;     CLR SCLR          ; 15                          ;
;     CLR SLD           ; 1                           ;
;     ENA               ; 27                          ;
;     ENA CLR           ; 24                          ;
;     SCLR              ; 2                           ;
;     plain             ; 16                          ;
; arriav_lcell_comb     ; 120                         ;
;     arith             ; 31                          ;
;         1 data inputs ; 30                          ;
;         2 data inputs ; 1                           ;
;     extend            ; 1                           ;
;         7 data inputs ; 1                           ;
;     normal            ; 88                          ;
;         0 data inputs ; 1                           ;
;         1 data inputs ; 7                           ;
;         2 data inputs ; 8                           ;
;         3 data inputs ; 6                           ;
;         4 data inputs ; 30                          ;
;         5 data inputs ; 15                          ;
;         6 data inputs ; 21                          ;
; boundary_port         ; 43                          ;
; stratixv_ram_block    ; 8                           ;
;                       ;                             ;
; Max LUT depth         ; 3.00                        ;
; Average LUT depth     ; 1.77                        ;
+-----------------------+-----------------------------+


+-------------------------------+
; Elapsed Time Per Partition    ;
+----------------+--------------+
; Partition Name ; Elapsed Time ;
+----------------+--------------+
; Top            ; 00:00:01     ;
+----------------+--------------+


+-------------------------------+
; Analysis & Synthesis Messages ;
+-------------------------------+
Info: *******************************************************************
Info: Running Quartus Prime Analysis & Synthesis
    Info: Version 22.1std.0 Build 915 10/25/2022 SC Lite Edition
    Info: Processing started: Tue Jun 10 15:56:18 2025
Info: Command: quartus_map --read_settings_files=on --write_settings_files=off NPU_MATRIX -c NPU_MATRIX
Warning (18236): Number of processors has not been specified which may cause overloading on shared machines.  Set the global assignment NUM_PARALLEL_PROCESSORS in your QSF to an appropriate value for best performance.
Info (20030): Parallel compilation is enabled and will use 16 of the 16 processors detected
Info (12021): Found 1 design units, including 1 entities, in source file uart_baudrate_generator.sv
    Info (12023): Found entity 1: UART_BaudRate_generator File: C:/Users/hp/Documents/Quartus/NPU_MATRIX/UART_BaudRate_generator.sv Line: 1
Info (12021): Found 1 design units, including 1 entities, in source file uart_rs232_rx.sv
    Info (12023): Found entity 1: UART_rs232_rx File: C:/Users/hp/Documents/Quartus/NPU_MATRIX/UART_rs232_rx.sv Line: 1
Info (12021): Found 1 design units, including 1 entities, in source file top.sv
    Info (12023): Found entity 1: TOP File: C:/Users/hp/Documents/Quartus/NPU_MATRIX/TOP.sv Line: 1
Info (12021): Found 1 design units, including 1 entities, in source file uart_rs232_tx.sv
    Info (12023): Found entity 1: UART_rs232_tx File: C:/Users/hp/Documents/Quartus/NPU_MATRIX/UART_rs232_tx.sv Line: 1
Warning (10238): Verilog Module Declaration warning at UART.sv(11): ignored anonymous port(s) indicated by duplicate or dangling comma(s) in the port list for module "UART" File: C:/Users/hp/Documents/Quartus/NPU_MATRIX/UART.sv Line: 11
Info (12021): Found 1 design units, including 1 entities, in source file uart.sv
    Info (12023): Found entity 1: UART File: C:/Users/hp/Documents/Quartus/NPU_MATRIX/UART.sv Line: 1
Info (12021): Found 1 design units, including 1 entities, in source file bytescounterrx.sv
    Info (12023): Found entity 1: bytesCounterRX File: C:/Users/hp/Documents/Quartus/NPU_MATRIX/bytesCounterRX.sv Line: 1
Info (12021): Found 1 design units, including 1 entities, in source file sevenseg.sv
    Info (12023): Found entity 1: sevenSeg File: C:/Users/hp/Documents/Quartus/NPU_MATRIX/sevenSeg.sv Line: 1
Info (12021): Found 1 design units, including 1 entities, in source file ram1.v
    Info (12023): Found entity 1: RAM1 File: C:/Users/hp/Documents/Quartus/NPU_MATRIX/RAM1.v Line: 40
Info (12021): Found 1 design units, including 1 entities, in source file memory.sv
    Info (12023): Found entity 1: Memory File: C:/Users/hp/Documents/Quartus/NPU_MATRIX/Memory.sv Line: 1
Info (12127): Elaborating entity "TOP" for the top level hierarchy
Info (12128): Elaborating entity "UART" for hierarchy "UART:uart" File: C:/Users/hp/Documents/Quartus/NPU_MATRIX/TOP.sv Line: 37
Info (12128): Elaborating entity "UART_rs232_rx" for hierarchy "UART:uart|UART_rs232_rx:I_RS232RX" File: C:/Users/hp/Documents/Quartus/NPU_MATRIX/UART.sv Line: 45
Warning (10230): Verilog HDL assignment warning at UART_rs232_rx.sv(99): truncated value with size 32 to match size of target (4) File: C:/Users/hp/Documents/Quartus/NPU_MATRIX/UART_rs232_rx.sv Line: 99
Warning (10230): Verilog HDL assignment warning at UART_rs232_rx.sv(110): truncated value with size 32 to match size of target (5) File: C:/Users/hp/Documents/Quartus/NPU_MATRIX/UART_rs232_rx.sv Line: 110
Info (12128): Elaborating entity "UART_rs232_tx" for hierarchy "UART:uart|UART_rs232_tx:I_RS232TX" File: C:/Users/hp/Documents/Quartus/NPU_MATRIX/UART.sv Line: 57
Warning (10235): Verilog HDL Always Construct warning at UART_rs232_tx.sv(52): variable "TxEn" is read inside the Always Construct but isn't in the Always Construct's Event Control File: C:/Users/hp/Documents/Quartus/NPU_MATRIX/UART_rs232_tx.sv Line: 52
Warning (10230): Verilog HDL assignment warning at UART_rs232_tx.sv(105): truncated value with size 32 to match size of target (4) File: C:/Users/hp/Documents/Quartus/NPU_MATRIX/UART_rs232_tx.sv Line: 105
Warning (10230): Verilog HDL assignment warning at UART_rs232_tx.sv(125): truncated value with size 32 to match size of target (5) File: C:/Users/hp/Documents/Quartus/NPU_MATRIX/UART_rs232_tx.sv Line: 125
Info (12128): Elaborating entity "UART_BaudRate_generator" for hierarchy "UART:uart|UART_BaudRate_generator:I_BAUDGEN" File: C:/Users/hp/Documents/Quartus/NPU_MATRIX/UART.sv Line: 65
Info (12128): Elaborating entity "bytesCounterRX" for hierarchy "bytesCounterRX:counterRX" File: C:/Users/hp/Documents/Quartus/NPU_MATRIX/TOP.sv Line: 44
Info (12128): Elaborating entity "sevenSeg" for hierarchy "sevenSeg:display0" File: C:/Users/hp/Documents/Quartus/NPU_MATRIX/TOP.sv Line: 50
Info (12128): Elaborating entity "Memory" for hierarchy "Memory:mem" File: C:/Users/hp/Documents/Quartus/NPU_MATRIX/TOP.sv Line: 71
Warning (10230): Verilog HDL assignment warning at Memory.sv(45): truncated value with size 32 to match size of target (1) File: C:/Users/hp/Documents/Quartus/NPU_MATRIX/Memory.sv Line: 45
Info (12128): Elaborating entity "RAM1" for hierarchy "Memory:mem|RAM1:ram1" File: C:/Users/hp/Documents/Quartus/NPU_MATRIX/Memory.sv Line: 49
Info (12128): Elaborating entity "altsyncram" for hierarchy "Memory:mem|RAM1:ram1|altsyncram:altsyncram_component" File: C:/Users/hp/Documents/Quartus/NPU_MATRIX/RAM1.v Line: 86
Info (12130): Elaborated megafunction instantiation "Memory:mem|RAM1:ram1|altsyncram:altsyncram_component" File: C:/Users/hp/Documents/Quartus/NPU_MATRIX/RAM1.v Line: 86
Info (12133): Instantiated megafunction "Memory:mem|RAM1:ram1|altsyncram:altsyncram_component" with the following parameter: File: C:/Users/hp/Documents/Quartus/NPU_MATRIX/RAM1.v Line: 86
    Info (12134): Parameter "clock_enable_input_a" = "BYPASS"
    Info (12134): Parameter "clock_enable_output_a" = "BYPASS"
    Info (12134): Parameter "intended_device_family" = "Cyclone V"
    Info (12134): Parameter "lpm_hint" = "ENABLE_RUNTIME_MOD=NO"
    Info (12134): Parameter "lpm_type" = "altsyncram"
    Info (12134): Parameter "numwords_a" = "8192"
    Info (12134): Parameter "operation_mode" = "SINGLE_PORT"
    Info (12134): Parameter "outdata_aclr_a" = "NONE"
    Info (12134): Parameter "outdata_reg_a" = "UNREGISTERED"
    Info (12134): Parameter "power_up_uninitialized" = "FALSE"
    Info (12134): Parameter "read_during_write_mode_port_a" = "DONT_CARE"
    Info (12134): Parameter "widthad_a" = "13"
    Info (12134): Parameter "width_a" = "16"
    Info (12134): Parameter "width_byteena_a" = "1"
Info (12021): Found 1 design units, including 1 entities, in source file db/altsyncram_adl1.tdf
    Info (12023): Found entity 1: altsyncram_adl1 File: C:/Users/hp/Documents/Quartus/NPU_MATRIX/db/altsyncram_adl1.tdf Line: 28
Info (12128): Elaborating entity "altsyncram_adl1" for hierarchy "Memory:mem|RAM1:ram1|altsyncram:altsyncram_component|altsyncram_adl1:auto_generated" File: c:/intelfpga_lite/22.1std/quartus/libraries/megafunctions/altsyncram.tdf Line: 792
Warning (14284): Synthesized away the following node(s):
    Warning (14285): Synthesized away the following RAM node(s):
        Warning (14320): Synthesized away node "Memory:mem|RAM1:ram4|altsyncram:altsyncram_component|altsyncram_adl1:auto_generated|q_a[0]" File: C:/Users/hp/Documents/Quartus/NPU_MATRIX/db/altsyncram_adl1.tdf Line: 37
        Warning (14320): Synthesized away node "Memory:mem|RAM1:ram4|altsyncram:altsyncram_component|altsyncram_adl1:auto_generated|q_a[1]" File: C:/Users/hp/Documents/Quartus/NPU_MATRIX/db/altsyncram_adl1.tdf Line: 59
        Warning (14320): Synthesized away node "Memory:mem|RAM1:ram4|altsyncram:altsyncram_component|altsyncram_adl1:auto_generated|q_a[2]" File: C:/Users/hp/Documents/Quartus/NPU_MATRIX/db/altsyncram_adl1.tdf Line: 81
        Warning (14320): Synthesized away node "Memory:mem|RAM1:ram4|altsyncram:altsyncram_component|altsyncram_adl1:auto_generated|q_a[3]" File: C:/Users/hp/Documents/Quartus/NPU_MATRIX/db/altsyncram_adl1.tdf Line: 103
        Warning (14320): Synthesized away node "Memory:mem|RAM1:ram4|altsyncram:altsyncram_component|altsyncram_adl1:auto_generated|q_a[4]" File: C:/Users/hp/Documents/Quartus/NPU_MATRIX/db/altsyncram_adl1.tdf Line: 125
        Warning (14320): Synthesized away node "Memory:mem|RAM1:ram4|altsyncram:altsyncram_component|altsyncram_adl1:auto_generated|q_a[5]" File: C:/Users/hp/Documents/Quartus/NPU_MATRIX/db/altsyncram_adl1.tdf Line: 147
        Warning (14320): Synthesized away node "Memory:mem|RAM1:ram4|altsyncram:altsyncram_component|altsyncram_adl1:auto_generated|q_a[6]" File: C:/Users/hp/Documents/Quartus/NPU_MATRIX/db/altsyncram_adl1.tdf Line: 169
        Warning (14320): Synthesized away node "Memory:mem|RAM1:ram4|altsyncram:altsyncram_component|altsyncram_adl1:auto_generated|q_a[7]" File: C:/Users/hp/Documents/Quartus/NPU_MATRIX/db/altsyncram_adl1.tdf Line: 191
        Warning (14320): Synthesized away node "Memory:mem|RAM1:ram4|altsyncram:altsyncram_component|altsyncram_adl1:auto_generated|q_a[8]" File: C:/Users/hp/Documents/Quartus/NPU_MATRIX/db/altsyncram_adl1.tdf Line: 213
        Warning (14320): Synthesized away node "Memory:mem|RAM1:ram4|altsyncram:altsyncram_component|altsyncram_adl1:auto_generated|q_a[9]" File: C:/Users/hp/Documents/Quartus/NPU_MATRIX/db/altsyncram_adl1.tdf Line: 235
        Warning (14320): Synthesized away node "Memory:mem|RAM1:ram4|altsyncram:altsyncram_component|altsyncram_adl1:auto_generated|q_a[10]" File: C:/Users/hp/Documents/Quartus/NPU_MATRIX/db/altsyncram_adl1.tdf Line: 257
        Warning (14320): Synthesized away node "Memory:mem|RAM1:ram4|altsyncram:altsyncram_component|altsyncram_adl1:auto_generated|q_a[11]" File: C:/Users/hp/Documents/Quartus/NPU_MATRIX/db/altsyncram_adl1.tdf Line: 279
        Warning (14320): Synthesized away node "Memory:mem|RAM1:ram4|altsyncram:altsyncram_component|altsyncram_adl1:auto_generated|q_a[12]" File: C:/Users/hp/Documents/Quartus/NPU_MATRIX/db/altsyncram_adl1.tdf Line: 301
        Warning (14320): Synthesized away node "Memory:mem|RAM1:ram4|altsyncram:altsyncram_component|altsyncram_adl1:auto_generated|q_a[13]" File: C:/Users/hp/Documents/Quartus/NPU_MATRIX/db/altsyncram_adl1.tdf Line: 323
        Warning (14320): Synthesized away node "Memory:mem|RAM1:ram4|altsyncram:altsyncram_component|altsyncram_adl1:auto_generated|q_a[14]" File: C:/Users/hp/Documents/Quartus/NPU_MATRIX/db/altsyncram_adl1.tdf Line: 345
        Warning (14320): Synthesized away node "Memory:mem|RAM1:ram4|altsyncram:altsyncram_component|altsyncram_adl1:auto_generated|q_a[15]" File: C:/Users/hp/Documents/Quartus/NPU_MATRIX/db/altsyncram_adl1.tdf Line: 367
        Warning (14320): Synthesized away node "Memory:mem|RAM1:ram3|altsyncram:altsyncram_component|altsyncram_adl1:auto_generated|q_a[0]" File: C:/Users/hp/Documents/Quartus/NPU_MATRIX/db/altsyncram_adl1.tdf Line: 37
        Warning (14320): Synthesized away node "Memory:mem|RAM1:ram3|altsyncram:altsyncram_component|altsyncram_adl1:auto_generated|q_a[1]" File: C:/Users/hp/Documents/Quartus/NPU_MATRIX/db/altsyncram_adl1.tdf Line: 59
        Warning (14320): Synthesized away node "Memory:mem|RAM1:ram3|altsyncram:altsyncram_component|altsyncram_adl1:auto_generated|q_a[2]" File: C:/Users/hp/Documents/Quartus/NPU_MATRIX/db/altsyncram_adl1.tdf Line: 81
        Warning (14320): Synthesized away node "Memory:mem|RAM1:ram3|altsyncram:altsyncram_component|altsyncram_adl1:auto_generated|q_a[3]" File: C:/Users/hp/Documents/Quartus/NPU_MATRIX/db/altsyncram_adl1.tdf Line: 103
        Warning (14320): Synthesized away node "Memory:mem|RAM1:ram3|altsyncram:altsyncram_component|altsyncram_adl1:auto_generated|q_a[4]" File: C:/Users/hp/Documents/Quartus/NPU_MATRIX/db/altsyncram_adl1.tdf Line: 125
        Warning (14320): Synthesized away node "Memory:mem|RAM1:ram3|altsyncram:altsyncram_component|altsyncram_adl1:auto_generated|q_a[5]" File: C:/Users/hp/Documents/Quartus/NPU_MATRIX/db/altsyncram_adl1.tdf Line: 147
        Warning (14320): Synthesized away node "Memory:mem|RAM1:ram3|altsyncram:altsyncram_component|altsyncram_adl1:auto_generated|q_a[6]" File: C:/Users/hp/Documents/Quartus/NPU_MATRIX/db/altsyncram_adl1.tdf Line: 169
        Warning (14320): Synthesized away node "Memory:mem|RAM1:ram3|altsyncram:altsyncram_component|altsyncram_adl1:auto_generated|q_a[7]" File: C:/Users/hp/Documents/Quartus/NPU_MATRIX/db/altsyncram_adl1.tdf Line: 191
        Warning (14320): Synthesized away node "Memory:mem|RAM1:ram3|altsyncram:altsyncram_component|altsyncram_adl1:auto_generated|q_a[8]" File: C:/Users/hp/Documents/Quartus/NPU_MATRIX/db/altsyncram_adl1.tdf Line: 213
        Warning (14320): Synthesized away node "Memory:mem|RAM1:ram3|altsyncram:altsyncram_component|altsyncram_adl1:auto_generated|q_a[9]" File: C:/Users/hp/Documents/Quartus/NPU_MATRIX/db/altsyncram_adl1.tdf Line: 235
        Warning (14320): Synthesized away node "Memory:mem|RAM1:ram3|altsyncram:altsyncram_component|altsyncram_adl1:auto_generated|q_a[10]" File: C:/Users/hp/Documents/Quartus/NPU_MATRIX/db/altsyncram_adl1.tdf Line: 257
        Warning (14320): Synthesized away node "Memory:mem|RAM1:ram3|altsyncram:altsyncram_component|altsyncram_adl1:auto_generated|q_a[11]" File: C:/Users/hp/Documents/Quartus/NPU_MATRIX/db/altsyncram_adl1.tdf Line: 279
        Warning (14320): Synthesized away node "Memory:mem|RAM1:ram3|altsyncram:altsyncram_component|altsyncram_adl1:auto_generated|q_a[12]" File: C:/Users/hp/Documents/Quartus/NPU_MATRIX/db/altsyncram_adl1.tdf Line: 301
        Warning (14320): Synthesized away node "Memory:mem|RAM1:ram3|altsyncram:altsyncram_component|altsyncram_adl1:auto_generated|q_a[13]" File: C:/Users/hp/Documents/Quartus/NPU_MATRIX/db/altsyncram_adl1.tdf Line: 323
        Warning (14320): Synthesized away node "Memory:mem|RAM1:ram3|altsyncram:altsyncram_component|altsyncram_adl1:auto_generated|q_a[14]" File: C:/Users/hp/Documents/Quartus/NPU_MATRIX/db/altsyncram_adl1.tdf Line: 345
        Warning (14320): Synthesized away node "Memory:mem|RAM1:ram3|altsyncram:altsyncram_component|altsyncram_adl1:auto_generated|q_a[15]" File: C:/Users/hp/Documents/Quartus/NPU_MATRIX/db/altsyncram_adl1.tdf Line: 367
        Warning (14320): Synthesized away node "Memory:mem|RAM1:ram2|altsyncram:altsyncram_component|altsyncram_adl1:auto_generated|q_a[0]" File: C:/Users/hp/Documents/Quartus/NPU_MATRIX/db/altsyncram_adl1.tdf Line: 37
        Warning (14320): Synthesized away node "Memory:mem|RAM1:ram2|altsyncram:altsyncram_component|altsyncram_adl1:auto_generated|q_a[1]" File: C:/Users/hp/Documents/Quartus/NPU_MATRIX/db/altsyncram_adl1.tdf Line: 59
        Warning (14320): Synthesized away node "Memory:mem|RAM1:ram2|altsyncram:altsyncram_component|altsyncram_adl1:auto_generated|q_a[2]" File: C:/Users/hp/Documents/Quartus/NPU_MATRIX/db/altsyncram_adl1.tdf Line: 81
        Warning (14320): Synthesized away node "Memory:mem|RAM1:ram2|altsyncram:altsyncram_component|altsyncram_adl1:auto_generated|q_a[3]" File: C:/Users/hp/Documents/Quartus/NPU_MATRIX/db/altsyncram_adl1.tdf Line: 103
        Warning (14320): Synthesized away node "Memory:mem|RAM1:ram2|altsyncram:altsyncram_component|altsyncram_adl1:auto_generated|q_a[4]" File: C:/Users/hp/Documents/Quartus/NPU_MATRIX/db/altsyncram_adl1.tdf Line: 125
        Warning (14320): Synthesized away node "Memory:mem|RAM1:ram2|altsyncram:altsyncram_component|altsyncram_adl1:auto_generated|q_a[5]" File: C:/Users/hp/Documents/Quartus/NPU_MATRIX/db/altsyncram_adl1.tdf Line: 147
        Warning (14320): Synthesized away node "Memory:mem|RAM1:ram2|altsyncram:altsyncram_component|altsyncram_adl1:auto_generated|q_a[6]" File: C:/Users/hp/Documents/Quartus/NPU_MATRIX/db/altsyncram_adl1.tdf Line: 169
        Warning (14320): Synthesized away node "Memory:mem|RAM1:ram2|altsyncram:altsyncram_component|altsyncram_adl1:auto_generated|q_a[7]" File: C:/Users/hp/Documents/Quartus/NPU_MATRIX/db/altsyncram_adl1.tdf Line: 191
        Warning (14320): Synthesized away node "Memory:mem|RAM1:ram2|altsyncram:altsyncram_component|altsyncram_adl1:auto_generated|q_a[8]" File: C:/Users/hp/Documents/Quartus/NPU_MATRIX/db/altsyncram_adl1.tdf Line: 213
        Warning (14320): Synthesized away node "Memory:mem|RAM1:ram2|altsyncram:altsyncram_component|altsyncram_adl1:auto_generated|q_a[9]" File: C:/Users/hp/Documents/Quartus/NPU_MATRIX/db/altsyncram_adl1.tdf Line: 235
        Warning (14320): Synthesized away node "Memory:mem|RAM1:ram2|altsyncram:altsyncram_component|altsyncram_adl1:auto_generated|q_a[10]" File: C:/Users/hp/Documents/Quartus/NPU_MATRIX/db/altsyncram_adl1.tdf Line: 257
        Warning (14320): Synthesized away node "Memory:mem|RAM1:ram2|altsyncram:altsyncram_component|altsyncram_adl1:auto_generated|q_a[11]" File: C:/Users/hp/Documents/Quartus/NPU_MATRIX/db/altsyncram_adl1.tdf Line: 279
        Warning (14320): Synthesized away node "Memory:mem|RAM1:ram2|altsyncram:altsyncram_component|altsyncram_adl1:auto_generated|q_a[12]" File: C:/Users/hp/Documents/Quartus/NPU_MATRIX/db/altsyncram_adl1.tdf Line: 301
        Warning (14320): Synthesized away node "Memory:mem|RAM1:ram2|altsyncram:altsyncram_component|altsyncram_adl1:auto_generated|q_a[13]" File: C:/Users/hp/Documents/Quartus/NPU_MATRIX/db/altsyncram_adl1.tdf Line: 323
        Warning (14320): Synthesized away node "Memory:mem|RAM1:ram2|altsyncram:altsyncram_component|altsyncram_adl1:auto_generated|q_a[14]" File: C:/Users/hp/Documents/Quartus/NPU_MATRIX/db/altsyncram_adl1.tdf Line: 345
        Warning (14320): Synthesized away node "Memory:mem|RAM1:ram2|altsyncram:altsyncram_component|altsyncram_adl1:auto_generated|q_a[15]" File: C:/Users/hp/Documents/Quartus/NPU_MATRIX/db/altsyncram_adl1.tdf Line: 367
        Warning (14320): Synthesized away node "Memory:mem|RAM1:ram1|altsyncram:altsyncram_component|altsyncram_adl1:auto_generated|q_a[8]" File: C:/Users/hp/Documents/Quartus/NPU_MATRIX/db/altsyncram_adl1.tdf Line: 213
        Warning (14320): Synthesized away node "Memory:mem|RAM1:ram1|altsyncram:altsyncram_component|altsyncram_adl1:auto_generated|q_a[9]" File: C:/Users/hp/Documents/Quartus/NPU_MATRIX/db/altsyncram_adl1.tdf Line: 235
        Warning (14320): Synthesized away node "Memory:mem|RAM1:ram1|altsyncram:altsyncram_component|altsyncram_adl1:auto_generated|q_a[10]" File: C:/Users/hp/Documents/Quartus/NPU_MATRIX/db/altsyncram_adl1.tdf Line: 257
        Warning (14320): Synthesized away node "Memory:mem|RAM1:ram1|altsyncram:altsyncram_component|altsyncram_adl1:auto_generated|q_a[11]" File: C:/Users/hp/Documents/Quartus/NPU_MATRIX/db/altsyncram_adl1.tdf Line: 279
        Warning (14320): Synthesized away node "Memory:mem|RAM1:ram1|altsyncram:altsyncram_component|altsyncram_adl1:auto_generated|q_a[12]" File: C:/Users/hp/Documents/Quartus/NPU_MATRIX/db/altsyncram_adl1.tdf Line: 301
        Warning (14320): Synthesized away node "Memory:mem|RAM1:ram1|altsyncram:altsyncram_component|altsyncram_adl1:auto_generated|q_a[13]" File: C:/Users/hp/Documents/Quartus/NPU_MATRIX/db/altsyncram_adl1.tdf Line: 323
        Warning (14320): Synthesized away node "Memory:mem|RAM1:ram1|altsyncram:altsyncram_component|altsyncram_adl1:auto_generated|q_a[14]" File: C:/Users/hp/Documents/Quartus/NPU_MATRIX/db/altsyncram_adl1.tdf Line: 345
        Warning (14320): Synthesized away node "Memory:mem|RAM1:ram1|altsyncram:altsyncram_component|altsyncram_adl1:auto_generated|q_a[15]" File: C:/Users/hp/Documents/Quartus/NPU_MATRIX/db/altsyncram_adl1.tdf Line: 367
Warning (12241): 1 hierarchies have connectivity warnings - see the Connectivity Checks report folder
Warning (13024): Output pins are stuck at VCC or GND
    Warning (13410): Pin "seg2[7]" is stuck at GND File: C:/Users/hp/Documents/Quartus/NPU_MATRIX/TOP.sv Line: 12
Info (286030): Timing-Driven Synthesis is running
Info (17049): 25 registers lost all their fanouts during netlist optimizations.
Info (17036): Removed 5 MSB VCC or GND address nodes from RAM block "Memory:mem|RAM1:ram1|altsyncram:altsyncram_component|altsyncram_adl1:auto_generated|ALTSYNCRAM" File: C:/Users/hp/Documents/Quartus/NPU_MATRIX/db/altsyncram_adl1.tdf Line: 33
Info (144001): Generated suppressed messages file C:/Users/hp/Documents/Quartus/NPU_MATRIX/output_files/NPU_MATRIX.map.smsg
Info (16010): Generating hard_block partition "hard_block:auto_generated_inst"
    Info (16011): Adding 0 node(s), including 0 DDIO, 0 PLL, 0 transceiver and 0 LCELL
Warning (21074): Design contains 1 input pin(s) that do not drive logic
    Warning (15610): No output dependent on input pin "press" File: C:/Users/hp/Documents/Quartus/NPU_MATRIX/TOP.sv Line: 5
Info (21057): Implemented 192 device resources after synthesis - the final resource count might be different
    Info (21058): Implemented 12 input pins
    Info (21059): Implemented 31 output pins
    Info (21061): Implemented 141 logic cells
    Info (21064): Implemented 8 RAM segments
Info: Quartus Prime Analysis & Synthesis was successful. 0 errors, 71 warnings
    Info: Peak virtual memory: 4935 megabytes
    Info: Processing ended: Tue Jun 10 15:56:40 2025
    Info: Elapsed time: 00:00:22
    Info: Total CPU time (on all processors): 00:00:47


+------------------------------------------+
; Analysis & Synthesis Suppressed Messages ;
+------------------------------------------+
The suppressed messages can be found in C:/Users/hp/Documents/Quartus/NPU_MATRIX/output_files/NPU_MATRIX.map.smsg.


